<!DOCTYPE html PUBLIC "-//W3C//DTD XHTML 1.1//EN" "http://www.w3.org/TR/xhtml11/DTD/xhtml11.dtd">
<html xmlns="http://www.w3.org/1999/xhtml">
<head>
<meta http-equiv="content-type" content="text/html; charset=UTF-8"/>
<title>TestNG Report</title>
<style type="text/css">table {margin-bottom:10px;border-collapse:collapse;empty-cells:show}th,td {border:1px solid #009;padding:.25em .5em}th {vertical-align:bottom}td {vertical-align:top}table a {font-weight:bold}.stripe td {background-color: #E6EBF9}.num {text-align:right}.passedodd td {background-color: #3F3}.passedeven td {background-color: #0A0}.skippedodd td {background-color: #DDD}.skippedeven td {background-color: #CCC}.failedodd td,.attn {background-color: #F33}.failedeven td,.stripe .attn {background-color: #D00}.stacktrace {white-space:pre;font-family:monospace}.totop {font-size:85%;text-align:center;border-bottom:2px solid #000}.invisible {display:none}</style>
</head>
<body>
<table>
<tr><th>Test</th><th># Passed</th><th># Skipped</th><th># Retried</th><th># Failed</th><th>Time (ms)</th><th>Included Groups</th><th>Excluded Groups</th></tr>
<tr><th colspan="7">chrisMensingsFramework</th></tr>
<tr><td><a href="#t0">RegressionTest</a></td><td class="num">3</td><td class="num attn">2</td><td class="num">0</td><td class="num attn">1</td><td class="num">125,644</td><td></td><td></td></tr>
</table>
<table id='summary'><thead><tr><th>Class</th><th>Method</th><th>Start</th><th>Time (ms)</th></tr></thead><tbody><tr><th colspan="4">chrisMensingsFramework</th></tr></tbody><tbody id="t0"><tr><th colspan="4">RegressionTest &#8212; failed</th></tr><tr class="failedeven"><td rowspan="1">com.ChrisMensing.AmazonSeleniumFramework.VerifySignIn</td><td><a href="#m0">SignInTest</a></td><td rowspan="1">1568231523837</td><td rowspan="1">124278</td></tr><tr><th colspan="4">RegressionTest &#8212; skipped</th></tr><tr class="skippedeven"><td rowspan="1">com.ChrisMensing.AmazonSeleniumFramework.VerifyFilteredSearches</td><td><a href="#m1">FileteredSearch</a></td><td rowspan="1">1568231648179</td><td rowspan="1">0</td></tr><tr class="skippedodd"><td rowspan="1">com.ChrisMensing.AmazonSeleniumFramework.VerifySimpleSearch</td><td><a href="#m2">SearchAscendum</a></td><td rowspan="1">1568231648169</td><td rowspan="1">0</td></tr><tr><th colspan="4">RegressionTest &#8212; passed</th></tr><tr class="passedeven"><td rowspan="3">com.ChrisMensing.AmazonSeleniumFramework.VerifySignIn</td><td><a href="#m3">SignInTest</a></td><td rowspan="3">1568231523837</td><td rowspan="3">70656</td></tr><tr class="passedeven"><td><a href="#m4">SignInTest</a></td></tr><tr class="passedeven"><td><a href="#m5">SignInTest</a></td></tr></tbody>
</table>
<h2>RegressionTest</h2><h3 id="m0">com.ChrisMensing.AmazonSeleniumFramework.VerifySignIn#SignInTest</h3><table class="result"><tr class="param"><th>Parameter #1</th><th>Parameter #2</th><th>Parameter #3</th><th>Parameter #4</th><th>Parameter #5</th></tr><tr class="param stripe"><td>Verify valid Login On Chrome</td><td>Chrome</td><td>chriswolfplace.test@gmail.com</td><td>123test!</td><td>true</td></tr><tr><th colspan="5">Exception</th></tr><tr><td colspan="5"><div class="stacktrace">org.openqa.selenium.NoSuchElementException: no such element: Unable to locate element: {&quot;method&quot;:&quot;css selector&quot;,&quot;selector&quot;:&quot;#nav\-link\-accountList&quot;}
  (Session info: chrome=76.0.3809.132)
For documentation on this error, please visit: https://www.seleniumhq.org/exceptions/no_such_element.html
Build info: version: &apos;3.141.59&apos;, revision: &apos;e82be7d358&apos;, time: &apos;2018-11-14T08:17:03&apos;
System info: host: &apos;ASC1514-BL-PC&apos;, ip: &apos;192.168.56.1&apos;, os.name: &apos;Windows 7&apos;, os.arch: &apos;amd64&apos;, os.version: &apos;6.1&apos;, java.version: &apos;1.8.0_121&apos;
Driver info: org.openqa.selenium.chrome.ChromeDriver
Capabilities {acceptInsecureCerts: false, browserName: chrome, browserVersion: 76.0.3809.132, chrome: {chromedriverVersion: 75.0.3770.140 (2d9f97485c7b..., userDataDir: C:\Users\CHRIST~1.MEN\AppDa...}, goog:chromeOptions: {debuggerAddress: localhost:59955}, javascriptEnabled: true, networkConnectionEnabled: false, pageLoadStrategy: normal, platform: XP, platformName: XP, proxy: Proxy(), setWindowRect: true, strictFileInteractability: false, timeouts: {implicit: 0, pageLoad: 300000, script: 30000}, unhandledPromptBehavior: dismiss and notify}
Session ID: d17452eb82381867b4c39461818a4549
*** Element info: {Using=id, value=nav-link-accountList}
	at org.openqa.selenium.remote.http.W3CHttpResponseCodec.createException(W3CHttpResponseCodec.java:187)
	at org.openqa.selenium.remote.http.W3CHttpResponseCodec.decode(W3CHttpResponseCodec.java:122)
	at org.openqa.selenium.remote.http.W3CHttpResponseCodec.decode(W3CHttpResponseCodec.java:49)
	at org.openqa.selenium.remote.HttpCommandExecutor.execute(HttpCommandExecutor.java:158)
	at org.openqa.selenium.remote.service.DriverCommandExecutor.execute(DriverCommandExecutor.java:83)
	at org.openqa.selenium.remote.RemoteWebDriver.execute(RemoteWebDriver.java:552)
	at org.openqa.selenium.remote.RemoteWebDriver.findElement(RemoteWebDriver.java:323)
	at org.openqa.selenium.remote.RemoteWebDriver.findElementById(RemoteWebDriver.java:372)
	at org.openqa.selenium.By$ById.findElement(By.java:188)
	at org.openqa.selenium.remote.RemoteWebDriver.findElement(RemoteWebDriver.java:315)
	at org.openqa.selenium.support.pagefactory.DefaultElementLocator.findElement(DefaultElementLocator.java:69)
	at org.openqa.selenium.support.pagefactory.internal.LocatingElementHandler.invoke(LocatingElementHandler.java:38)
	at com.sun.proxy.$Proxy10.click(Unknown Source)
	at com.ChrisMensing.AmazonSeleniumFramework.base.Methods.ClickAndMouseHandler.clickOnWebElement(ClickAndMouseHandler.java:10)
	at com.ChrisMensing.AmazonSeleniumFramework.base.MainMethods.ClickOnWebElement(MainMethods.java:16)
	at com.ChrisMensing.AmazonSeleniumFramework.PageObjects.HomePage.GoToYourAccount(HomePage.java:51)
	at com.ChrisMensing.AmazonSeleniumFramework.PageObjects.SignInPage.IsUserSignedIn(SignInPage.java:86)
	at com.ChrisMensing.AmazonSeleniumFramework.VerifySignIn.SignInTest(VerifySignIn.java:36)
	at java.util.concurrent.FutureTask.run(FutureTask.java:266)
	at java.util.concurrent.Executors$RunnableAdapter.call(Executors.java:511)
	at java.util.concurrent.FutureTask.run(FutureTask.java:266)
	at java.util.concurrent.ThreadPoolExecutor.runWorker(ThreadPoolExecutor.java:1142)
	at java.util.concurrent.ThreadPoolExecutor$Worker.run(ThreadPoolExecutor.java:617)
	at java.lang.Thread.run(Thread.java:745)
... Removed 13 stack frames</div></td></tr></table><p class="totop"><a href="#summary">back to summary</a></p>
<h3 id="m1">com.ChrisMensing.AmazonSeleniumFramework.VerifyFilteredSearches#FileteredSearch</h3><table class="result"><tr><th>Exception</th></tr><tr><td><div class="stacktrace">java.lang.RuntimeException: java.lang.NullPointerException
	at java.util.ArrayList.forEach(ArrayList.java:1249)
Caused by: java.lang.NullPointerException
	at com.ChrisMensing.AmazonSeleniumFramework.Utils.POIUtils.setTab(POIUtils.java:135)
	at com.ChrisMensing.AmazonSeleniumFramework.Utils.DataProviders.LoadSourceTabData(DataProviders.java:38)
	at com.ChrisMensing.AmazonSeleniumFramework.VerifyFilteredSearches.getLoginTestDetails(VerifyFilteredSearches.java:17)
	... 25 more
... Removed 32 stack frames</div></td></tr></table><p class="totop"><a href="#summary">back to summary</a></p>
<h3 id="m2">com.ChrisMensing.AmazonSeleniumFramework.VerifySimpleSearch#SearchAscendum</h3><table class="result"><tr><th>Exception</th></tr><tr><td><div class="stacktrace">java.lang.RuntimeException: java.lang.NullPointerException
	at java.util.ArrayList.forEach(ArrayList.java:1249)
Caused by: java.lang.NullPointerException
	at com.ChrisMensing.AmazonSeleniumFramework.Utils.POIUtils.setTab(POIUtils.java:135)
	at com.ChrisMensing.AmazonSeleniumFramework.Utils.DataProviders.LoadSourceTabData(DataProviders.java:38)
	at com.ChrisMensing.AmazonSeleniumFramework.VerifySimpleSearch.getLoginTestDetails(VerifySimpleSearch.java:18)
	... 25 more
... Removed 32 stack frames</div></td></tr></table><p class="totop"><a href="#summary">back to summary</a></p>
<h3 id="m3">com.ChrisMensing.AmazonSeleniumFramework.VerifySignIn#SignInTest</h3><table class="result"><tr class="param"><th>Parameter #1</th><th>Parameter #2</th><th>Parameter #3</th><th>Parameter #4</th><th>Parameter #5</th></tr><tr class="param stripe"><td>Verify invalid Email On Chrome</td><td>Chrome</td><td>chriswolfplace.test1@gmail.com</td><td>123test!</td><td>false</td></tr></table><p class="totop"><a href="#summary">back to summary</a></p>
<h3 id="m4">com.ChrisMensing.AmazonSeleniumFramework.VerifySignIn#SignInTest</h3><table class="result"><tr class="param"><th>Parameter #1</th><th>Parameter #2</th><th>Parameter #3</th><th>Parameter #4</th><th>Parameter #5</th></tr><tr class="param stripe"><td>Verify invalid Password On Chrome</td><td>Chrome</td><td>chriswolfplace.test@gmail.com</td><td>123test!1</td><td>false</td></tr></table><p class="totop"><a href="#summary">back to summary</a></p>
<h3 id="m5">com.ChrisMensing.AmazonSeleniumFramework.VerifySignIn#SignInTest</h3><table class="result"><tr class="param"><th>Parameter #1</th><th>Parameter #2</th><th>Parameter #3</th><th>Parameter #4</th><th>Parameter #5</th></tr><tr class="param stripe"><td>Verify valid Login On Firefox</td><td>Firefox</td><td>chriswolfplace.test@gmail.com</td><td>123test!</td><td>true</td></tr></table><p class="totop"><a href="#summary">back to summary</a></p>
</body>
</html>
